#
# A fatal error has been detected by the Java Runtime Environment:
#
#  EXCEPTION_ACCESS_VIOLATION (0xc0000005) at pc=0x00007ff8e09eaf59, pid=2840, tid=3020
#
# JRE version: Java(TM) SE Runtime Environment (12.0.1+12) (build 12.0.1+12)
# Java VM: Java HotSpot(TM) 64-Bit Server VM (12.0.1+12, mixed mode, sharing, tiered, compressed oops, g1 gc, windows-amd64)
# Problematic frame:
# V  [jvm.dll+0x25af59]
#
# No core dump will be written. Minidumps are not enabled by default on client versions of Windows
#
# If you would like to submit a bug report, please visit:
#   http://bugreport.java.com/bugreport/crash.jsp
#

---------------  S U M M A R Y ------------

Command Line: -agentlib:jdwp=transport=dt_socket,suspend=y,address=localhost:65282 -javaagent:C:\Users\poonam\eclipse\java-2019-06\eclipse\configuration\org.eclipse.osgi\226\0\.cp\lib\javaagent-shaded.jar -Dfile.encoding=Cp1252 string.FindDuplicateCharInString

Host: Intel(R) Core(TM) i3-4005U CPU @ 1.70GHz, 4 cores, 3G,  Windows 8.1 , 64 bit Build 9600 (6.3.9600.19358)
Time: Sat Sep  7 21:37:23 2019 India Standard Time elapsed time: 7502 seconds (0d 2h 5m 2s)

---------------  T H R E A D  ---------------

Current thread (0x000000bff2fef800):  VMThread "VM Thread" [stack: 0x000000bff3a60000,0x000000bff3b60000] [id=3020]

Stack: [0x000000bff3a60000,0x000000bff3b60000],  sp=0x000000bff3b5edc8,  free space=1019k
Native frames: (J=compiled Java code, j=interpreted, Vv=VM code, C=native code)
V  [jvm.dll+0x25af59]


siginfo: EXCEPTION_ACCESS_VIOLATION (0xc0000005), reading address 0x000000bff3714750


Register to memory mapping:

RIP=0x00007ff8e09eaf59 jvm.dll
RAX=0x00000000000683c0 is an unknown value
RBX=0x000000bff3b5f050 points into unknown readable memory: 58 b4 06 e1 f8 7f 00 00
RCX=0x000000bff36ac390 is pointing into metadata
RDX=0x000000000000341d is an unknown value
RSP=0x000000bff3b5edc8 points into unknown readable memory: c3 cd ad e0 f8 7f 00 00
RBP=0x0000000000000001 is an unknown value
RSI=0x0000000000000001 is an unknown value
RDI=0x000000bff36abed0 is pointing into metadata
R8 =0x0 is NULL
R9 =0x000000bff36abed0 is pointing into metadata
R10=0x00007ff8e0790000 jvm.dll
R11=0x000000bff3b5ee30 points into unknown readable memory: 50 f0 b5 f3 bf 00 00 00
R12=0x000000bff2e70630 points into unknown readable memory: 00 90 06 e1 27 00 00 00
R13=0x00000000000000a0 is an unknown value
R14=0x000000bff36ac293 is pointing into metadata
R15=0x000000000000003f is an unknown value


Registers:
RAX=0x00000000000683c0, RBX=0x000000bff3b5f050, RCX=0x000000bff36ac390, RDX=0x000000000000341d
RSP=0x000000bff3b5edc8, RBP=0x0000000000000001, RSI=0x0000000000000001, RDI=0x000000bff36abed0
R8 =0x0000000000000000, R9 =0x000000bff36abed0, R10=0x00007ff8e0790000, R11=0x000000bff3b5ee30
R12=0x000000bff2e70630, R13=0x00000000000000a0, R14=0x000000bff36ac293, R15=0x000000000000003f
RIP=0x00007ff8e09eaf59, EFLAGS=0x0000000000010206

Top of Stack: (sp=0x000000bff3b5edc8)
0x000000bff3b5edc8:   00007ff8e0adcdc3 000000bff3b5ee20
0x000000bff3b5edd8:   00007ff8e0ae1008 000000bff2e706f8
0x000000bff3b5ede8:   0000000000000052 000000bff36ac300
0x000000bff3b5edf8:   000000bff2fef800 000000bff36ac28e
0x000000bff3b5ee08:   8fffffff000000e6 00000fcef88706b7
0x000000bff3b5ee18:   00000fcef8870687 000000bff36ac293
0x000000bff3b5ee28:   000000bff3b5eeb0 000000bff3b5f050
0x000000bff3b5ee38:   00007ff8e0adf256 0000000000000008
0x000000bff3b5ee48:   0000000000000033 0000000000000001
0x000000bff3b5ee58:   000000bff36ac28e 000000bf00000033
0x000000bff3b5ee68:   000000bff3b5eee0 000000000000003f
0x000000bff3b5ee78:   00000000000000b2 00000000000000b2
0x000000bff3b5ee88:   00007ff8e0adfb6e 000000bff3b5f050
0x000000bff3b5ee98:   000000bff3b5eee0 000000bff36ac293
0x000000bff3b5eea8:   6666666666666667 000000bff36ac300
0x000000bff3b5eeb8:   000000bff2fef800 0000003600000033 

Instructions: (pc=0x00007ff8e09eaf59)
0x00007ff8e09eaf39:   c2 48 ff c0 48 c1 e0 05 48 8b 04 08 0f b7 c8 41
0x00007ff8e09eaf49:   0f b7 44 c9 42 c3 48 63 c2 48 ff c0 48 c1 e0 05
0x00007ff8e09eaf59:   48 8b 04 08 0f b7 d0 48 63 c2 41 0f b7 44 c1 42
0x00007ff8e09eaf69:   c3 49 8b 41 08 48 63 ca 0f b6 44 01 04 3c 12 74 


Stack slot to memory mapping:
stack at sp + 0 slots: 0x00007ff8e0adcdc3 jvm.dll
stack at sp + 1 slots: 0x000000bff3b5ee20 points into unknown readable memory: 93 c2 6a f3 bf 00 00 00
stack at sp + 2 slots: 0x00007ff8e0ae1008 jvm.dll
stack at sp + 3 slots: 0x000000bff2e706f8 points into unknown readable memory: 00 b0 88 df 52 00 00 00
stack at sp + 4 slots: 0x0000000000000052 is an unknown value
stack at sp + 5 slots: {method} {0x000000bff36ac308} 'main' '([Ljava/lang/String;)V' in 'string/FindDuplicateCharInString'
stack at sp + 6 slots: 0x000000bff2fef800 points into unknown readable memory: 68 04 0a e1 f8 7f 00 00
stack at sp + 7 slots: 0x000000bff36ac28e is pointing into metadata

VM_Operation (0x000000bff4b3f1c0): GetOrSetLocal, mode: safepoint, requested by thread 0x000000bff4486800


---------------  P R O C E S S  ---------------

Threads class SMR info:
_java_thread_list=0x000000bff443ebc0, length=13, elements={
0x000000bfd6eee800, 0x000000bff2ff5800, 0x000000bff2ff6800, 0x000000bff300b000,
0x000000bff3011000, 0x000000bff3012000, 0x000000bff301d800, 0x000000bff3026800,
0x000000bff4341000, 0x000000bff4486800, 0x000000bff44ae800, 0x000000bff44af000,
0x000000bff44ed800
}

Java Threads: ( => current thread )
  0x000000bfd6eee800 JavaThread "main" [_thread_blocked, id=6552, stack(0x000000bfd4e00000,0x000000bfd4f00000)]
  0x000000bff2ff5800 JavaThread "Reference Handler" daemon [_thread_blocked, id=4072, stack(0x000000bff3b60000,0x000000bff3c60000)]
  0x000000bff2ff6800 JavaThread "Finalizer" daemon [_thread_blocked, id=7380, stack(0x000000bff3c60000,0x000000bff3d60000)]
  0x000000bff300b000 JavaThread "Signal Dispatcher" daemon [_thread_blocked, id=3608, stack(0x000000bff3d60000,0x000000bff3e60000)]
  0x000000bff3011000 JavaThread "Attach Listener" daemon [_thread_blocked, id=5716, stack(0x000000bff3e60000,0x000000bff3f60000)]
  0x000000bff3012000 JavaThread "C2 CompilerThread0" daemon [_thread_blocked, id=4104, stack(0x000000bff3f60000,0x000000bff4060000)]
  0x000000bff301d800 JavaThread "C1 CompilerThread0" daemon [_thread_blocked, id=4440, stack(0x000000bff4060000,0x000000bff4160000)]
  0x000000bff3026800 JavaThread "Sweeper thread" daemon [_thread_blocked, id=5620, stack(0x000000bff4160000,0x000000bff4260000)]
  0x000000bff4341000 JavaThread "Common-Cleaner" daemon [_thread_blocked, id=3160, stack(0x000000bff4660000,0x000000bff4760000)]
  0x000000bff4486800 JavaThread "JDWP Transport Listener: dt_socket" daemon [_thread_blocked, id=7712, stack(0x000000bff4a40000,0x000000bff4b40000)] _threads_hazard_ptr=0x000000bff443ebc0
  0x000000bff44ae800 JavaThread "JDWP Event Helper Thread" daemon [_thread_blocked, id=3324, stack(0x000000bff4b40000,0x000000bff4c40000)]
  0x000000bff44af000 JavaThread "JDWP Command Reader" daemon [_thread_in_native, id=6268, stack(0x000000bff4c40000,0x000000bff4d40000)]
  0x000000bff44ed800 JavaThread "Service Thread" daemon [_thread_blocked, id=2572, stack(0x000000bff4e40000,0x000000bff4f40000)]

Other Threads:
=>0x000000bff2fef800 VMThread "VM Thread" [stack: 0x000000bff3a60000,0x000000bff3b60000] [id=3020]
  0x000000bff44e6800 WatcherThread [stack: 0x000000bff4f40000,0x000000bff5040000] [id=4116]
  0x000000bfd6f16800 GCTaskThread "GC Thread#0" [stack: 0x000000bfd6cb0000,0x000000bfd6db0000] [id=5164]
  0x000000bfd6f3e000 ConcurrentGCThread "G1 Main Marker" [stack: 0x000000bff0820000,0x000000bff0920000] [id=3632]
  0x000000bfd6f3f800 ConcurrentGCThread "G1 Conc#0" [stack: 0x000000bff0920000,0x000000bff0a20000] [id=5664]
  0x000000bfd6f8e800 ConcurrentGCThread "G1 Refine#0" [stack: 0x000000bff3060000,0x000000bff3160000] [id=6964]
  0x000000bff2e72800 ConcurrentGCThread "G1 Young RemSet Sampling" [stack: 0x000000bff3160000,0x000000bff3260000] [id=3656]

Threads with active compile tasks:

VM state:at safepoint (normal execution)

VM Mutex/Monitor currently owned by a thread:  ([mutex/lock_event])
[0x000000bfd6eea210] Threads_lock - owner thread: 0x000000bff2fef800

Heap address: 0x00000000c1600000, size: 1002 MB, Compressed Oops mode: 32-bit
Narrow klass base: 0x0000000800000000, Narrow klass shift: 3
Compressed class space size: 1073741824 Address: 0x00000008011a0000

Heap:
 garbage-first heap   total 65536K, used 4096K [0x00000000c1600000, 0x0000000100000000)
  region size 1024K, 5 young (5120K), 0 survivors (0K)
 Metaspace       used 2617K, capacity 4909K, committed 5120K, reserved 1056768K
  class space    used 244K, capacity 443K, committed 512K, reserved 1048576K
Heap Regions: E=young(eden), S=young(survivor), O=old, HS=humongous(starts), HC=humongous(continues), CS=collection set, F=free, A=archive, TAMS=top-at-mark-start (previous, next)
|   0|0x00000000c1600000, 0x00000000c1600000, 0x00000000c1700000|  0%| F|  |TAMS 0x00000000c1600000, 0x00000000c1600000| Untracked 
|   1|0x00000000c1700000, 0x00000000c1700000, 0x00000000c1800000|  0%| F|  |TAMS 0x00000000c1700000, 0x00000000c1700000| Untracked 
|   2|0x00000000c1800000, 0x00000000c1800000, 0x00000000c1900000|  0%| F|  |TAMS 0x00000000c1800000, 0x00000000c1800000| Untracked 
|   3|0x00000000c1900000, 0x00000000c1900000, 0x00000000c1a00000|  0%| F|  |TAMS 0x00000000c1900000, 0x00000000c1900000| Untracked 
|   4|0x00000000c1a00000, 0x00000000c1a00000, 0x00000000c1b00000|  0%| F|  |TAMS 0x00000000c1a00000, 0x00000000c1a00000| Untracked 
|   5|0x00000000c1b00000, 0x00000000c1b00000, 0x00000000c1c00000|  0%| F|  |TAMS 0x00000000c1b00000, 0x00000000c1b00000| Untracked 
|   6|0x00000000c1c00000, 0x00000000c1c00000, 0x00000000c1d00000|  0%| F|  |TAMS 0x00000000c1c00000, 0x00000000c1c00000| Untracked 
|   7|0x00000000c1d00000, 0x00000000c1d00000, 0x00000000c1e00000|  0%| F|  |TAMS 0x00000000c1d00000, 0x00000000c1d00000| Untracked 
|   8|0x00000000c1e00000, 0x00000000c1e00000, 0x00000000c1f00000|  0%| F|  |TAMS 0x00000000c1e00000, 0x00000000c1e00000| Untracked 
|   9|0x00000000c1f00000, 0x00000000c1f00000, 0x00000000c2000000|  0%| F|  |TAMS 0x00000000c1f00000, 0x00000000c1f00000| Untracked 
|  10|0x00000000c2000000, 0x00000000c2000000, 0x00000000c2100000|  0%| F|  |TAMS 0x00000000c2000000, 0x00000000c2000000| Untracked 
|  11|0x00000000c2100000, 0x00000000c2100000, 0x00000000c2200000|  0%| F|  |TAMS 0x00000000c2100000, 0x00000000c2100000| Untracked 
|  12|0x00000000c2200000, 0x00000000c2200000, 0x00000000c2300000|  0%| F|  |TAMS 0x00000000c2200000, 0x00000000c2200000| Untracked 
|  13|0x00000000c2300000, 0x00000000c2300000, 0x00000000c2400000|  0%| F|  |TAMS 0x00000000c2300000, 0x00000000c2300000| Untracked 
|  14|0x00000000c2400000, 0x00000000c2400000, 0x00000000c2500000|  0%| F|  |TAMS 0x00000000c2400000, 0x00000000c2400000| Untracked 
|  15|0x00000000c2500000, 0x00000000c2500000, 0x00000000c2600000|  0%| F|  |TAMS 0x00000000c2500000, 0x00000000c2500000| Untracked 
|  16|0x00000000c2600000, 0x00000000c2600000, 0x00000000c2700000|  0%| F|  |TAMS 0x00000000c2600000, 0x00000000c2600000| Untracked 
|  17|0x00000000c2700000, 0x00000000c2700000, 0x00000000c2800000|  0%| F|  |TAMS 0x00000000c2700000, 0x00000000c2700000| Untracked 
|  18|0x00000000c2800000, 0x00000000c2800000, 0x00000000c2900000|  0%| F|  |TAMS 0x00000000c2800000, 0x00000000c2800000| Untracked 
|  19|0x00000000c2900000, 0x00000000c2900000, 0x00000000c2a00000|  0%| F|  |TAMS 0x00000000c2900000, 0x00000000c2900000| Untracked 
|  20|0x00000000c2a00000, 0x00000000c2a00000, 0x00000000c2b00000|  0%| F|  |TAMS 0x00000000c2a00000, 0x00000000c2a00000| Untracked 
|  21|0x00000000c2b00000, 0x00000000c2b00000, 0x00000000c2c00000|  0%| F|  |TAMS 0x00000000c2b00000, 0x00000000c2b00000| Untracked 
|  22|0x00000000c2c00000, 0x00000000c2c00000, 0x00000000c2d00000|  0%| F|  |TAMS 0x00000000c2c00000, 0x00000000c2c00000| Untracked 
|  23|0x00000000c2d00000, 0x00000000c2d00000, 0x00000000c2e00000|  0%| F|  |TAMS 0x00000000c2d00000, 0x00000000c2d00000| Untracked 
|  24|0x00000000c2e00000, 0x00000000c2e00000, 0x00000000c2f00000|  0%| F|  |TAMS 0x00000000c2e00000, 0x00000000c2e00000| Untracked 
|  25|0x00000000c2f00000, 0x00000000c2f00000, 0x00000000c3000000|  0%| F|  |TAMS 0x00000000c2f00000, 0x00000000c2f00000| Untracked 
|  26|0x00000000c3000000, 0x00000000c3000000, 0x00000000c3100000|  0%| F|  |TAMS 0x00000000c3000000, 0x00000000c3000000| Untracked 
|  27|0x00000000c3100000, 0x00000000c3100000, 0x00000000c3200000|  0%| F|  |TAMS 0x00000000c3100000, 0x00000000c3100000| Untracked 
|  28|0x00000000c3200000, 0x00000000c3200000, 0x00000000c3300000|  0%| F|  |TAMS 0x00000000c3200000, 0x00000000c3200000| Untracked 
|  29|0x00000000c3300000, 0x00000000c3300000, 0x00000000c3400000|  0%| F|  |TAMS 0x00000000c3300000, 0x00000000c3300000| Untracked 
|  30|0x00000000c3400000, 0x00000000c3400000, 0x00000000c3500000|  0%| F|  |TAMS 0x00000000c3400000, 0x00000000c3400000| Untracked 
|  31|0x00000000c3500000, 0x00000000c3500000, 0x00000000c3600000|  0%| F|  |TAMS 0x00000000c3500000, 0x00000000c3500000| Untracked 
|  32|0x00000000c3600000, 0x00000000c3600000, 0x00000000c3700000|  0%| F|  |TAMS 0x00000000c3600000, 0x00000000c3600000| Untracked 
|  33|0x00000000c3700000, 0x00000000c3700000, 0x00000000c3800000|  0%| F|  |TAMS 0x00000000c3700000, 0x00000000c3700000| Untracked 
|  34|0x00000000c3800000, 0x00000000c3800000, 0x00000000c3900000|  0%| F|  |TAMS 0x00000000c3800000, 0x00000000c3800000| Untracked 
|  35|0x00000000c3900000, 0x00000000c3900000, 0x00000000c3a00000|  0%| F|  |TAMS 0x00000000c3900000, 0x00000000c3900000| Untracked 
|  36|0x00000000c3a00000, 0x00000000c3a00000, 0x00000000c3b00000|  0%| F|  |TAMS 0x00000000c3a00000, 0x00000000c3a00000| Untracked 
|  37|0x00000000c3b00000, 0x00000000c3b00000, 0x00000000c3c00000|  0%| F|  |TAMS 0x00000000c3b00000, 0x00000000c3b00000| Untracked 
|  38|0x00000000c3c00000, 0x00000000c3c00000, 0x00000000c3d00000|  0%| F|  |TAMS 0x00000000c3c00000, 0x00000000c3c00000| Untracked 
|  39|0x00000000c3d00000, 0x00000000c3d00000, 0x00000000c3e00000|  0%| F|  |TAMS 0x00000000c3d00000, 0x00000000c3d00000| Untracked 
|  40|0x00000000c3e00000, 0x00000000c3e00000, 0x00000000c3f00000|  0%| F|  |TAMS 0x00000000c3e00000, 0x00000000c3e00000| Untracked 
|  41|0x00000000c3f00000, 0x00000000c3f00000, 0x00000000c4000000|  0%| F|  |TAMS 0x00000000c3f00000, 0x00000000c3f00000| Untracked 
|  42|0x00000000c4000000, 0x00000000c4000000, 0x00000000c4100000|  0%| F|  |TAMS 0x00000000c4000000, 0x00000000c4000000| Untracked 
|  43|0x00000000c4100000, 0x00000000c4100000, 0x00000000c4200000|  0%| F|  |TAMS 0x00000000c4100000, 0x00000000c4100000| Untracked 
|  44|0x00000000c4200000, 0x00000000c4200000, 0x00000000c4300000|  0%| F|  |TAMS 0x00000000c4200000, 0x00000000c4200000| Untracked 
|  45|0x00000000c4300000, 0x00000000c4300000, 0x00000000c4400000|  0%| F|  |TAMS 0x00000000c4300000, 0x00000000c4300000| Untracked 
|  46|0x00000000c4400000, 0x00000000c4400000, 0x00000000c4500000|  0%| F|  |TAMS 0x00000000c4400000, 0x00000000c4400000| Untracked 
|  47|0x00000000c4500000, 0x00000000c4500000, 0x00000000c4600000|  0%| F|  |TAMS 0x00000000c4500000, 0x00000000c4500000| Untracked 
|  48|0x00000000c4600000, 0x00000000c4600000, 0x00000000c4700000|  0%| F|  |TAMS 0x00000000c4600000, 0x00000000c4600000| Untracked 
|  49|0x00000000c4700000, 0x00000000c4700000, 0x00000000c4800000|  0%| F|  |TAMS 0x00000000c4700000, 0x00000000c4700000| Untracked 
|  50|0x00000000c4800000, 0x00000000c4800000, 0x00000000c4900000|  0%| F|  |TAMS 0x00000000c4800000, 0x00000000c4800000| Untracked 
|  51|0x00000000c4900000, 0x00000000c4900000, 0x00000000c4a00000|  0%| F|  |TAMS 0x00000000c4900000, 0x00000000c4900000| Untracked 
|  52|0x00000000c4a00000, 0x00000000c4a00000, 0x00000000c4b00000|  0%| F|  |TAMS 0x00000000c4a00000, 0x00000000c4a00000| Untracked 
|  53|0x00000000c4b00000, 0x00000000c4b00000, 0x00000000c4c00000|  0%| F|  |TAMS 0x00000000c4b00000, 0x00000000c4b00000| Untracked 
|  54|0x00000000c4c00000, 0x00000000c4c00000, 0x00000000c4d00000|  0%| F|  |TAMS 0x00000000c4c00000, 0x00000000c4c00000| Untracked 
|  55|0x00000000c4d00000, 0x00000000c4d00000, 0x00000000c4e00000|  0%| F|  |TAMS 0x00000000c4d00000, 0x00000000c4d00000| Untracked 
|  56|0x00000000c4e00000, 0x00000000c4e00000, 0x00000000c4f00000|  0%| F|  |TAMS 0x00000000c4e00000, 0x00000000c4e00000| Untracked 
|  57|0x00000000c4f00000, 0x00000000c4f00000, 0x00000000c5000000|  0%| F|  |TAMS 0x00000000c4f00000, 0x00000000c4f00000| Untracked 
|  58|0x00000000c5000000, 0x00000000c5000000, 0x00000000c5100000|  0%| F|  |TAMS 0x00000000c5000000, 0x00000000c5000000| Untracked 
|  59|0x00000000c5100000, 0x00000000c5198960, 0x00000000c5200000| 59%| E|  |TAMS 0x00000000c5100000, 0x00000000c5100000| Complete 
|  60|0x00000000c5200000, 0x00000000c5300000, 0x00000000c5300000|100%| E|CS|TAMS 0x00000000c5200000, 0x00000000c5200000| Complete 
|  61|0x00000000c5300000, 0x00000000c5400000, 0x00000000c5400000|100%| E|CS|TAMS 0x00000000c5300000, 0x00000000c5300000| Complete 
|  62|0x00000000c5400000, 0x00000000c5500000, 0x00000000c5500000|100%| E|CS|TAMS 0x00000000c5400000, 0x00000000c5400000| Complete 
|  63|0x00000000c5500000, 0x00000000c5600000, 0x00000000c5600000|100%| E|CS|TAMS 0x00000000c5500000, 0x00000000c5500000| Complete 

Card table byte_map: [0x000000bfee4c0000,0x000000bfee6c0000] _byte_map_base: 0x000000bfedeb5000

Marking Bits (Prev, Next): (CMBitMap*) 0x000000bfd6f17a98, (CMBitMap*) 0x000000bfd6f17ad8
 Prev Bits: [0x000000bfee8c0000, 0x000000bfef868000)
 Next Bits: [0x000000bfef870000, 0x000000bff0818000)

Polling page: 0x000000bfd4c90000

Metaspace:

Usage:
  Non-class:      4.36 MB capacity,     2.32 MB ( 53%) used,     2.04 MB ( 47%) free+waste,     2.75 KB ( <1%) overhead. 
      Class:    443.00 KB capacity,   244.77 KB ( 55%) used,   196.66 KB ( 44%) free+waste,     1.56 KB ( <1%) overhead. 
       Both:      4.79 MB capacity,     2.56 MB ( 53%) used,     2.23 MB ( 47%) free+waste,     4.31 KB ( <1%) overhead. 

Virtual space:
  Non-class space:        8.00 MB reserved,       4.50 MB ( 56%) committed 
      Class space:        1.00 GB reserved,     512.00 KB ( <1%) committed 
             Both:        1.01 GB reserved,       5.00 MB ( <1%) committed 

Chunk freelists:
   Non-Class:  1.75 KB
       Class:  640 bytes
        Both:  2.38 KB

CodeHeap 'non-profiled nmethods': size=120064Kb used=112Kb max_used=112Kb free=119951Kb
 bounds [0x000000bfe6d80000, 0x000000bfe6ff0000, 0x000000bfee2c0000]
CodeHeap 'profiled nmethods': size=120000Kb used=549Kb max_used=549Kb free=119450Kb
 bounds [0x000000bfdf850000, 0x000000bfdfac0000, 0x000000bfe6d80000]
CodeHeap 'non-nmethods': size=5696Kb used=1158Kb max_used=1171Kb free=4538Kb
 bounds [0x000000bfdf2c0000, 0x000000bfdf530000, 0x000000bfdf850000]
 total_blobs=833 nmethods=382 adapters=272
 compilation: enabled
              stopped_count=0, restarted_count=0
 full_count=0

Compilation events (10 events):
Event: 942.672 Thread 0x000000bff301d800  379       3       org.eclipse.jdt.launching.internal.org.objectweb.asm.Symbol::<init> (38 bytes)
Event: 942.672 Thread 0x000000bff301d800 nmethod 379 0x000000bfdf8d6310 code [0x000000bfdf8d64e0, 0x000000bfdf8d67f8]
Event: 942.673 Thread 0x000000bff301d800  380       3       org.eclipse.jdt.launching.internal.org.objectweb.asm.SymbolTable::put (150 bytes)
Event: 942.674 Thread 0x000000bff301d800 nmethod 380 0x000000bfdf8d6910 code [0x000000bfdf8d6b20, 0x000000bfdf8d7478]
Event: 942.674 Thread 0x000000bff301d800  381       3       org.eclipse.jdt.launching.internal.org.objectweb.asm.SymbolTable::addConstantUtf8 (98 bytes)
Event: 942.681 Thread 0x000000bff301d800 nmethod 381 0x000000bfdf8d7790 code [0x000000bfdf8d79e0, 0x000000bfdf8d8120]
Event: 942.681 Thread 0x000000bff301d800  382       3       org.eclipse.jdt.launching.internal.org.objectweb.asm.ClassReader::readUTF8 (23 bytes)
Event: 942.682 Thread 0x000000bff301d800 nmethod 382 0x000000bfdf8d8510 code [0x000000bfdf8d86e0, 0x000000bfdf8d8a10]
Event: 942.682 Thread 0x000000bff301d800  383       3       org.eclipse.jdt.launching.internal.org.objectweb.asm.ClassReader::readUtf (44 bytes)
Event: 942.683 Thread 0x000000bff301d800 nmethod 383 0x000000bfdf8d8b90 code [0x000000bfdf8d8d80, 0x000000bfdf8d92d0]

GC Heap History (0 events):
No events

Deoptimization events (3 events):
Event: 0.451 Thread 0x000000bfd6eee800 Uncommon trap: reason=class_check action=maybe_recompile pc=0x000000bfe6d8dc08 method=java.util.HashMap.putVal(ILjava/lang/Object;Ljava/lang/Object;ZZ)Ljava/lang/Object; @ 152 c2
Event: 0.472 Thread 0x000000bfd6eee800 Uncommon trap: reason=unstable_if action=reinterpret pc=0x000000bfe6d8dd10 method=java.util.HashMap.putVal(ILjava/lang/Object;Ljava/lang/Object;ZZ)Ljava/lang/Object; @ 181 c2
Event: 0.601 Thread 0x000000bfd6eee800 Uncommon trap: reason=unstable_if action=reinterpret pc=0x000000bfe6d8f128 method=java.lang.String.isLatin1()Z @ 10 c2

Classes redefined (10 events):
Event: 320.472 Thread 0x000000bff2fef800 redefined class name=string.FindDuplicateCharInString, count=1
Event: 384.745 Thread 0x000000bff2fef800 redefined class name=string.FindDuplicateCharInString, count=2
Event: 525.962 Thread 0x000000bff2fef800 redefined class name=string.FindDuplicateCharInString, count=3
Event: 942.679 Thread 0x000000bff2fef800 redefined class name=string.FindDuplicateCharInString, count=4
Event: 970.677 Thread 0x000000bff2fef800 redefined class name=string.FindDuplicateCharInString, count=5
Event: 6771.789 Thread 0x000000bff2fef800 redefined class name=string.FindDuplicateCharInString, count=6
Event: 7353.995 Thread 0x000000bff2fef800 redefined class name=string.FindDuplicateCharInString, count=7
Event: 7387.743 Thread 0x000000bff2fef800 redefined class name=string.FindDuplicateCharInString, count=8
Event: 7417.319 Thread 0x000000bff2fef800 redefined class name=string.FindDuplicateCharInString, count=9
Event: 7483.505 Thread 0x000000bff2fef800 redefined class name=string.FindDuplicateCharInString, count=10

Internal exceptions (0 events):
No events

Events (10 events):
Event: 7483.506 Executing VM operation: GetFrameCount done
Event: 7483.506 Executing VM operation: GetStackTrace
Event: 7483.506 Executing VM operation: GetStackTrace done
Event: 7483.515 Executing VM operation: GetFrameCount
Event: 7483.515 Executing VM operation: GetFrameCount done
Event: 7483.515 Executing VM operation: GetOwnedMonitorInfo
Event: 7483.516 Executing VM operation: GetOwnedMonitorInfo done
Event: 7483.516 Executing VM operation: GetCurrentContendedMonitor
Event: 7483.516 Executing VM operation: GetCurrentContendedMonitor done
Event: 7502.420 Executing VM operation: GetOrSetLocal


Dynamic libraries:
0x00007ff7bf7a0000 - 0x00007ff7bf7af000 	C:\Program Files\Java\jdk-12.0.1\bin\javaw.exe
0x00007ff901430000 - 0x00007ff9015dd000 	C:\Windows\SYSTEM32\ntdll.dll
0x00007ff900c70000 - 0x00007ff900daf000 	C:\Windows\system32\KERNEL32.DLL
0x00007ff8ee1d0000 - 0x00007ff8ee1e2000 	C:\Program Files\AVAST Software\Avast\aswhook.dll
0x00007ff8fe9a0000 - 0x00007ff8feab6000 	C:\Windows\system32\KERNELBASE.dll
0x00007ff8f9b40000 - 0x00007ff8f9b58000 	C:\Program Files\Java\jdk-12.0.1\bin\jli.dll
0x00007ff8f9990000 - 0x00007ff8f99a6000 	C:\Program Files\Java\jdk-12.0.1\bin\VCRUNTIME140.dll
0x00007ff8fcbf0000 - 0x00007ff8fcbf4000 	C:\Program Files\Java\jdk-12.0.1\bin\api-ms-win-crt-stdio-l1-1-0.dll
0x00007ff8fc7e0000 - 0x00007ff8fc7e4000 	C:\Program Files\Java\jdk-12.0.1\bin\api-ms-win-crt-runtime-l1-1-0.dll
0x00007ff8fc7a0000 - 0x00007ff8fc7a3000 	C:\Program Files\Java\jdk-12.0.1\bin\api-ms-win-crt-environment-l1-1-0.dll
0x00007ff8fc6f0000 - 0x00007ff8fc6f5000 	C:\Program Files\Java\jdk-12.0.1\bin\api-ms-win-crt-math-l1-1-0.dll
0x00007ff8fc660000 - 0x00007ff8fc663000 	C:\Program Files\Java\jdk-12.0.1\bin\api-ms-win-crt-locale-l1-1-0.dll
0x00007ff8fc5c0000 - 0x00007ff8fc5c3000 	C:\Program Files\Java\jdk-12.0.1\bin\api-ms-win-crt-heap-l1-1-0.dll
0x00007ff900db0000 - 0x00007ff900e5a000 	C:\Windows\system32\ADVAPI32.dll
0x00007ff8fa080000 - 0x00007ff8fa2fb000 	C:\Windows\WinSxS\amd64_microsoft.windows.common-controls_6595b64144ccf1df_6.0.9600.19394_none_62486577ecb635cf\COMCTL32.dll
0x00007ff9012b0000 - 0x00007ff901427000 	C:\Windows\system32\USER32.dll
0x00007ff8f6d10000 - 0x00007ff8f6d1a000 	C:\Windows\SYSTEM32\VERSION.dll
0x00007ff8fc560000 - 0x00007ff8fc563000 	C:\Program Files\Java\jdk-12.0.1\bin\api-ms-win-crt-filesystem-l1-1-0.dll
0x00007ff8f9dc0000 - 0x00007ff8f9dc4000 	C:\Program Files\Java\jdk-12.0.1\bin\api-ms-win-crt-string-l1-1-0.dll
0x00007ff8f9980000 - 0x00007ff8f9984000 	C:\Program Files\Java\jdk-12.0.1\bin\api-ms-win-crt-convert-l1-1-0.dll
0x00007ff900ec0000 - 0x00007ff900f6a000 	C:\Windows\system32\msvcrt.dll
0x00007ff900fb0000 - 0x00007ff901009000 	C:\Windows\SYSTEM32\sechost.dll
0x00007ff900670000 - 0x00007ff9007b0000 	C:\Windows\system32\RPCRT4.dll
0x00007ff8feac0000 - 0x00007ff8fec0c000 	C:\Windows\system32\GDI32.dll
0x00007ff8eb750000 - 0x00007ff8eb846000 	C:\Program Files\Java\jdk-12.0.1\bin\ucrtbase.DLL
0x00007ff8fe970000 - 0x00007ff8fe99e000 	C:\Windows\system32\SspiCli.dll
0x00007ff900f70000 - 0x00007ff900fa6000 	C:\Windows\system32\IMM32.DLL
0x00007ff8fec10000 - 0x00007ff8fed62000 	C:\Windows\system32\MSCTF.dll
0x00007ff8ea260000 - 0x00007ff8ea30a000 	C:\Program Files\Java\jdk-12.0.1\bin\msvcp140.dll
0x00007ff8f9930000 - 0x00007ff8f9935000 	C:\Program Files\Java\jdk-12.0.1\bin\api-ms-win-crt-multibyte-l1-1-0.dll
0x00007ff8f9850000 - 0x00007ff8f9853000 	C:\Program Files\Java\jdk-12.0.1\bin\api-ms-win-crt-time-l1-1-0.dll
0x00007ff8f9840000 - 0x00007ff8f9843000 	C:\Program Files\Java\jdk-12.0.1\bin\api-ms-win-crt-utility-l1-1-0.dll
0x00007ff8e0790000 - 0x00007ff8e1304000 	C:\Program Files\Java\jdk-12.0.1\bin\server\jvm.dll
0x00007ff8f7850000 - 0x00007ff8f7859000 	C:\Windows\SYSTEM32\WSOCK32.dll
0x00007ff8f0770000 - 0x00007ff8f0792000 	C:\Windows\SYSTEM32\WINMM.dll
0x00007ff8fed70000 - 0x00007ff8fed77000 	C:\Windows\system32\PSAPI.DLL
0x00007ff9008a0000 - 0x00007ff9008fa000 	C:\Windows\system32\WS2_32.dll
0x00007ff8eed80000 - 0x00007ff8eedaa000 	C:\Windows\SYSTEM32\WINMMBASE.dll
0x00007ff900c60000 - 0x00007ff900c69000 	C:\Windows\system32\NSI.dll
0x00007ff8fe630000 - 0x00007ff8fe67f000 	C:\Windows\SYSTEM32\cfgmgr32.dll
0x00007ff8fd370000 - 0x00007ff8fd398000 	C:\Windows\SYSTEM32\DEVOBJ.dll
0x00007ff8fad10000 - 0x00007ff8fad21000 	C:\Program Files\Java\jdk-12.0.1\bin\verify.dll
0x00007ff8fa750000 - 0x00007ff8fa8d9000 	C:\Windows\SYSTEM32\DBGHELP.DLL
0x00007ff8efff0000 - 0x00007ff8f0016000 	C:\Program Files\Java\jdk-12.0.1\bin\java.dll
0x00007ff8f8d10000 - 0x00007ff8f8d48000 	C:\Program Files\Java\jdk-12.0.1\bin\jdwp.dll
0x00007ff8f9810000 - 0x00007ff8f981e000 	C:\Program Files\Java\jdk-12.0.1\bin\instrument.dll
0x00007ff8f79b0000 - 0x00007ff8f79c7000 	C:\Program Files\Java\jdk-12.0.1\bin\zip.dll
0x00007ff8fad00000 - 0x00007ff8fad0a000 	C:\Program Files\Java\jdk-12.0.1\bin\jimage.dll
0x00007ff8feda0000 - 0x00007ff9002cb000 	C:\Windows\system32\SHELL32.dll
0x00007ff900460000 - 0x00007ff900670000 	C:\Windows\SYSTEM32\combase.dll
0x00007ff900400000 - 0x00007ff900454000 	C:\Windows\system32\SHLWAPI.dll
0x00007ff8fae30000 - 0x00007ff8faee2000 	C:\Windows\SYSTEM32\SHCORE.dll
0x00007ff8fe560000 - 0x00007ff8fe575000 	C:\Windows\SYSTEM32\profapi.dll
0x00007ff8f9790000 - 0x00007ff8f979a000 	C:\Program Files\Java\jdk-12.0.1\bin\dt_socket.dll
0x00007ff8fdd90000 - 0x00007ff8fdde9000 	C:\Windows\System32\mswsock.dll
0x00007ff8fdb90000 - 0x00007ff8fdc34000 	C:\Windows\SYSTEM32\DNSAPI.dll
0x00007ff8f82f0000 - 0x00007ff8f835b000 	C:\Windows\System32\fwpuclnt.dll
0x00007ff8f34c0000 - 0x00007ff8f34ca000 	C:\Windows\System32\rasadhlp.dll
0x00007ff8f1fa0000 - 0x00007ff8f1fb9000 	C:\Program Files\Java\jdk-12.0.1\bin\net.dll
0x00007ff8f6790000 - 0x00007ff8f6859000 	C:\Windows\SYSTEM32\WINHTTP.dll
0x00007ff8f3030000 - 0x00007ff8f31ba000 	C:\Windows\SYSTEM32\urlmon.dll
0x00007ff900ac0000 - 0x00007ff900c54000 	C:\Windows\system32\ole32.dll
0x00007ff8f63b0000 - 0x00007ff8f667c000 	C:\Windows\SYSTEM32\iertutil.dll
0x00007ff8f6860000 - 0x00007ff8f6d0c000 	C:\Windows\SYSTEM32\WININET.dll
0x00007ff8fdb20000 - 0x00007ff8fdb41000 	C:\Windows\SYSTEM32\USERENV.dll
0x00007ff8f1960000 - 0x00007ff8f1973000 	C:\Program Files\Java\jdk-12.0.1\bin\nio.dll

dbghelp: loaded successfully - version: 4.0.5 - missing functions: none
symbol engine: initialized successfully - sym options: 0x614 - pdb path: .;C:\Program Files\Java\jdk-12.0.1\bin;C:\Windows\SYSTEM32;C:\Program Files\AVAST Software\Avast;C:\Windows\WinSxS\amd64_microsoft.windows.common-controls_6595b64144ccf1df_6.0.9600.19394_none_62486577ecb635cf;C:\Program Files\Java\jdk-12.0.1\bin\server

VM Arguments:
jvm_args: -agentlib:jdwp=transport=dt_socket,suspend=y,address=localhost:65282 -javaagent:C:\Users\poonam\eclipse\java-2019-06\eclipse\configuration\org.eclipse.osgi\226\0\.cp\lib\javaagent-shaded.jar -Dfile.encoding=Cp1252 
java_command: string.FindDuplicateCharInString
java_class_path (initial): C:\Users\poonam\eclipse-workspace\practiceJavaConcepts\bin
Launcher Type: SUN_STANDARD

[Global flags]
     intx CICompilerCount                          = 3                                         {product} {ergonomic}
     uint ConcGCThreads                            = 1                                         {product} {ergonomic}
     uint G1ConcRefinementThreads                  = 4                                         {product} {ergonomic}
   size_t G1HeapRegionSize                         = 1048576                                   {product} {ergonomic}
    uintx GCDrainStackTargetSize                   = 64                                        {product} {ergonomic}
   size_t InitialHeapSize                          = 67108864                                  {product} {ergonomic}
   size_t MarkStackSize                            = 4194304                                   {product} {ergonomic}
   size_t MaxHeapSize                              = 1050673152                                {product} {ergonomic}
   size_t MaxNewSize                               = 630194176                                 {product} {ergonomic}
   size_t MinHeapDeltaBytes                        = 1048576                                   {product} {ergonomic}
    uintx NonNMethodCodeHeapSize                   = 5830732                                {pd product} {ergonomic}
    uintx NonProfiledCodeHeapSize                  = 122913754                              {pd product} {ergonomic}
    uintx ProfiledCodeHeapSize                     = 122913754                              {pd product} {ergonomic}
    uintx ReservedCodeCacheSize                    = 251658240                              {pd product} {ergonomic}
     bool SegmentedCodeCache                       = true                                      {product} {ergonomic}
     bool UseCompressedClassPointers               = true                                 {lp64_product} {ergonomic}
     bool UseCompressedOops                        = true                                 {lp64_product} {ergonomic}
     bool UseG1GC                                  = true                                      {product} {ergonomic}
     bool UseLargePagesIndividualAllocation        = false                                  {pd product} {ergonomic}

Logging:
Log output configuration:
 #0: stdout all=warning uptime,level,tags
 #1: stderr all=off uptime,level,tags

Environment Variables:
JAVA_HOME=C:\Program Files\Java\jdk-12.0.1
PATH=C:/Program Files/Java/jdk-12.0.1/bin/server;C:/Program Files/Java/jdk-12.0.1/bin;C:\Windows\system32;C:\Windows;C:\Windows\System32\Wbem;C:\Windows\System32\WindowsPowerShell\v1.0\;%JAVA_HOME%\bin;%MAVEN_HOME%\bin;C:\Program Files\MySQL\MySQL Shell 8.0\bin\;C:\Users\poonam\Desktop;
USERNAME=poonam
OS=Windows_NT
PROCESSOR_IDENTIFIER=Intel64 Family 6 Model 69 Stepping 1, GenuineIntel



---------------  S Y S T E M  ---------------

OS: Windows 8.1 , 64 bit Build 9600 (6.3.9600.19358)

CPU:total 4 (initial active 4) (2 cores per cpu, 2 threads per core) family 6 model 69 stepping 1, cmov, cx8, fxsr, mmx, sse, sse2, sse3, ssse3, sse4.1, sse4.2, popcnt, avx, avx2, aes, clmul, erms, lzcnt, ht, tsc, tscinvbit, bmi1, bmi2, fma

Memory: 4k page, system-wide physical 4000M (1386M free)
TotalPageFile size 8595M (AvailPageFile size 4632M)
current process WorkingSet (physical memory assigned to process): 39M, peak: 40M
current process commit charge ("private bytes"): 147M, peak: 148M

vm_info: Java HotSpot(TM) 64-Bit Server VM (12.0.1+12) for windows-amd64 JRE (12.0.1+12), built on Apr  2 2019 14:02:19 by "mach5one" with MS VC++ 15.5 (VS2017)

END.
